Unbundling libraries to /usr/server/bundler
Starting server
Loading libraries, please wait...
[23:05:22] [ServerMain/INFO]: Environment: authHost='https://authserver.mojang.com', accountsHost='https://api.mojang.com', sessionHost='https://sessionserver.mojang.com', servicesHost='https://api.minecraftservices.com', name='PROD'
[23:05:25] [Worker-Main-2/INFO]: Loaded 7 recipes
[23:05:22] [ServerMain/INFO]: Environment: authHost='https://authserver.mojang.com', accountsHost='https://api.mojang.com', sessionHost='https://sessionserver.mojang.com', servicesHost='https://api.minecraftservices.com', name='PROD'
[23:05:25] [Worker-Main-2/INFO]: Loaded 7 recipes
[23:05:28] [Server thread/INFO]: Starting minecraft server version 1.18.2
[23:05:28] [Server thread/INFO]: Loading properties
[23:05:28] [Server console handler/ERROR]: Exception handling console input
java.io.IOException: Bad file descriptor
	at java.io.FileInputStream.readBytes(Native Method) ~[?:?]
	at java.io.FileInputStream.read(FileInputStream.java:276) ~[?:?]
	at java.io.BufferedInputStream.fill(BufferedInputStream.java:244) ~[?:?]
	at java.io.BufferedInputStream.read(BufferedInputStream.java:263) ~[?:?]
	at jline.internal.NonBlockingInputStream.read(NonBlockingInputStream.java:248) ~[jline-2.12.1.jar:?]
	at jline.internal.InputStreamReader.read(InputStreamReader.java:261) ~[jline-2.12.1.jar:?]
	at jline.internal.InputStreamReader.read(InputStreamReader.java:198) ~[jline-2.12.1.jar:?]
	at jline.console.ConsoleReader.readCharacter(ConsoleReader.java:2145) ~[jline-2.12.1.jar:?]
	at jline.console.ConsoleReader.readLineSimple(ConsoleReader.java:3183) ~[jline-2.12.1.jar:?]
	at jline.console.ConsoleReader.readLine(ConsoleReader.java:2333) ~[jline-2.12.1.jar:?]
	at jline.console.ConsoleReader.readLine(ConsoleReader.java:2269) ~[jline-2.12.1.jar:?]
	at jline.console.ConsoleReader.readLine(ConsoleReader.java:2257) ~[jline-2.12.1.jar:?]
	at net.minecraft.server.dedicated.DedicatedServer$1.run(DedicatedServer.java:131) [spigot-1.18.2-R0.1-SNAPSHOT.jar:3482-Spigot-42b6152-e87f2e3]
[23:05:28] [Server thread/INFO]: This server is running CraftBukkit version 3482-Spigot-42b6152-e87f2e3 (MC: 1.18.2) (Implementing API version 1.18.2-R0.1-SNAPSHOT)
[23:05:28] [Server thread/INFO]: Debug logging is disabled
[23:05:28] [Server thread/INFO]: Server Ping Player Sample Count: 12
[23:05:28] [Server thread/INFO]: Using 4 threads for Netty based IO
[23:05:28] [Server thread/INFO]: Default game type: SURVIVAL
[23:05:28] [Server thread/INFO]: Generating keypair
[23:05:29] [Server thread/INFO]: Starting Minecraft server on *:25565
[23:05:29] [Server thread/INFO]: Using epoll channel type
[23:05:30] [Server thread/INFO]: [SkinsRestorer] Loading SkinsRestorer v14.1.15
[23:05:30] [Server thread/INFO]: [UltimateStacker] Loading UltimateStacker v2.2.1
[23:05:30] [Server thread/WARN]: **** SERVER IS RUNNING IN OFFLINE/INSECURE MODE!
[23:05:30] [Server thread/WARN]: The server will make no attempt to authenticate usernames. Beware.
[23:05:30] [Server thread/WARN]: While this makes the game possible to play without internet access, it also opens up the ability for hackers to connect with any username they choose.
[23:05:30] [Server thread/WARN]: To change this, set "online-mode" to "true" in the server.properties file.
[23:05:30] [Server thread/INFO]: Preparing level "world"
[23:05:31] [Server thread/INFO]: -------- World Settings For [world] --------
[23:05:31] [Server thread/INFO]: Item Despawn Rate: 6000
[23:05:31] [Server thread/INFO]: Item Merge Radius: 2.5
[23:05:31] [Server thread/INFO]: View Distance: 10
[23:05:31] [Server thread/INFO]: Simulation Distance: 10
[23:05:31] [Server thread/INFO]: Allow Zombie Pigmen to spawn from portal blocks: true
[23:05:31] [Server thread/INFO]: Nerfing mobs spawned from spawners: false
[23:05:31] [Server thread/INFO]: Zombie Aggressive Towards Villager: true
[23:05:31] [Server thread/INFO]: Arrow Despawn Rate: 1200 Trident Respawn Rate:1200
[23:05:31] [Server thread/INFO]: Experience Merge Radius: 3.0
[23:05:31] [Server thread/INFO]: Mob Spawn Range: 6
[23:05:31] [Server thread/INFO]: Max TNT Explosions: 100
[23:05:31] [Server thread/INFO]: Tile Max Tick Time: 50ms Entity max Tick Time: 50ms
[23:05:31] [Server thread/INFO]: Cactus Growth Modifier: 100%
[23:05:31] [Server thread/INFO]: Cane Growth Modifier: 100%
[23:05:31] [Server thread/INFO]: Melon Growth Modifier: 100%
[23:05:31] [Server thread/INFO]: Mushroom Growth Modifier: 100%
[23:05:31] [Server thread/INFO]: Pumpkin Growth Modifier: 100%
[23:05:31] [Server thread/INFO]: Sapling Growth Modifier: 100%
[23:05:31] [Server thread/INFO]: Beetroot Growth Modifier: 100%
[23:05:31] [Server thread/INFO]: Carrot Growth Modifier: 100%
[23:05:31] [Server thread/INFO]: Potato Growth Modifier: 100%
[23:05:31] [Server thread/INFO]: Wheat Growth Modifier: 100%
[23:05:31] [Server thread/INFO]: NetherWart Growth Modifier: 100%
[23:05:31] [Server thread/INFO]: Vine Growth Modifier: 100%
[23:05:31] [Server thread/INFO]: Cocoa Growth Modifier: 100%
[23:05:31] [Server thread/INFO]: Bamboo Growth Modifier: 100%
[23:05:31] [Server thread/INFO]: SweetBerry Growth Modifier: 100%
[23:05:31] [Server thread/INFO]: Kelp Growth Modifier: 100%
[23:05:31] [Server thread/INFO]: Entity Activation Range: An 32 / Mo 32 / Ra 48 / Mi 16 / Tiv true / Isa false
[23:05:31] [Server thread/INFO]: Entity Tracking Range: Pl 48 / An 48 / Mo 48 / Mi 32 / Other 64
[23:05:31] [Server thread/INFO]: Hopper Transfer: 8 Hopper Check: 1 Hopper Amount: 1
[23:05:31] [Server thread/INFO]: Custom Map Seeds:  Village: 10387312 Desert: 14357617 Igloo: 14357618 Jungle: 14357619 Swamp: 14357620 Monument: 10387313 Ocean: 14357621 Shipwreck: 165745295 End City: 10387313 Slime: 987234911 Nether: 30084232 Mansion: 10387319 Fossil: 14357921 Portal: 34222645
[23:05:38] [Server thread/INFO]: -------- World Settings For [world_nether] --------
[23:05:38] [Server thread/INFO]: Item Despawn Rate: 6000
[23:05:38] [Server thread/INFO]: Item Merge Radius: 2.5
[23:05:38] [Server thread/INFO]: View Distance: 10
[23:05:38] [Server thread/INFO]: Simulation Distance: 10
[23:05:38] [Server thread/INFO]: Allow Zombie Pigmen to spawn from portal blocks: true
[23:05:38] [Server thread/INFO]: Nerfing mobs spawned from spawners: false
[23:05:38] [Server thread/INFO]: Zombie Aggressive Towards Villager: true
[23:05:38] [Server thread/INFO]: Arrow Despawn Rate: 1200 Trident Respawn Rate:1200
[23:05:38] [Server thread/INFO]: Experience Merge Radius: 3.0
[23:05:38] [Server thread/INFO]: Mob Spawn Range: 6
[23:05:38] [Server thread/INFO]: Max TNT Explosions: 100
[23:05:38] [Server thread/INFO]: Tile Max Tick Time: 50ms Entity max Tick Time: 50ms
[23:05:38] [Server thread/INFO]: Cactus Growth Modifier: 100%
[23:05:38] [Server thread/INFO]: Cane Growth Modifier: 100%
[23:05:38] [Server thread/INFO]: Melon Growth Modifier: 100%
[23:05:38] [Server thread/INFO]: Mushroom Growth Modifier: 100%
[23:05:38] [Server thread/INFO]: Pumpkin Growth Modifier: 100%
[23:05:38] [Server thread/INFO]: Sapling Growth Modifier: 100%
[23:05:38] [Server thread/INFO]: Beetroot Growth Modifier: 100%
[23:05:38] [Server thread/INFO]: Carrot Growth Modifier: 100%
[23:05:38] [Server thread/INFO]: Potato Growth Modifier: 100%
[23:05:38] [Server thread/INFO]: Wheat Growth Modifier: 100%
[23:05:38] [Server thread/INFO]: NetherWart Growth Modifier: 100%
[23:05:38] [Server thread/INFO]: Vine Growth Modifier: 100%
[23:05:38] [Server thread/INFO]: Cocoa Growth Modifier: 100%
[23:05:38] [Server thread/INFO]: Bamboo Growth Modifier: 100%
[23:05:38] [Server thread/INFO]: SweetBerry Growth Modifier: 100%
[23:05:38] [Server thread/INFO]: Kelp Growth Modifier: 100%
[23:05:38] [Server thread/INFO]: Entity Activation Range: An 32 / Mo 32 / Ra 48 / Mi 16 / Tiv true / Isa false
[23:05:38] [Server thread/INFO]: Entity Tracking Range: Pl 48 / An 48 / Mo 48 / Mi 32 / Other 64
[23:05:38] [Server thread/INFO]: Hopper Transfer: 8 Hopper Check: 1 Hopper Amount: 1
[23:05:38] [Server thread/INFO]: Custom Map Seeds:  Village: 10387312 Desert: 14357617 Igloo: 14357618 Jungle: 14357619 Swamp: 14357620 Monument: 10387313 Ocean: 14357621 Shipwreck: 165745295 End City: 10387313 Slime: 987234911 Nether: 30084232 Mansion: 10387319 Fossil: 14357921 Portal: 34222645
[23:05:38] [Server thread/INFO]: -------- World Settings For [world_the_end] --------
[23:05:38] [Server thread/INFO]: Item Despawn Rate: 6000
[23:05:38] [Server thread/INFO]: Item Merge Radius: 2.5
[23:05:38] [Server thread/INFO]: View Distance: 10
[23:05:38] [Server thread/INFO]: Simulation Distance: 10
[23:05:38] [Server thread/INFO]: Allow Zombie Pigmen to spawn from portal blocks: true
[23:05:38] [Server thread/INFO]: Nerfing mobs spawned from spawners: false
[23:05:38] [Server thread/INFO]: Zombie Aggressive Towards Villager: true
[23:05:38] [Server thread/INFO]: Arrow Despawn Rate: 1200 Trident Respawn Rate:1200
[23:05:38] [Server thread/INFO]: Experience Merge Radius: 3.0
[23:05:38] [Server thread/INFO]: Mob Spawn Range: 6
[23:05:38] [Server thread/INFO]: Max TNT Explosions: 100
[23:05:38] [Server thread/INFO]: Tile Max Tick Time: 50ms Entity max Tick Time: 50ms
[23:05:38] [Server thread/INFO]: Cactus Growth Modifier: 100%
[23:05:38] [Server thread/INFO]: Cane Growth Modifier: 100%
[23:05:38] [Server thread/INFO]: Melon Growth Modifier: 100%
[23:05:38] [Server thread/INFO]: Mushroom Growth Modifier: 100%
[23:05:38] [Server thread/INFO]: Pumpkin Growth Modifier: 100%
[23:05:38] [Server thread/INFO]: Sapling Growth Modifier: 100%
[23:05:38] [Server thread/INFO]: Beetroot Growth Modifier: 100%
[23:05:38] [Server thread/INFO]: Carrot Growth Modifier: 100%
[23:05:38] [Server thread/INFO]: Potato Growth Modifier: 100%
[23:05:38] [Server thread/INFO]: Wheat Growth Modifier: 100%
[23:05:38] [Server thread/INFO]: NetherWart Growth Modifier: 100%
[23:05:38] [Server thread/INFO]: Vine Growth Modifier: 100%
[23:05:38] [Server thread/INFO]: Cocoa Growth Modifier: 100%
[23:05:38] [Server thread/INFO]: Bamboo Growth Modifier: 100%
[23:05:38] [Server thread/INFO]: SweetBerry Growth Modifier: 100%
[23:05:38] [Server thread/INFO]: Kelp Growth Modifier: 100%
[23:05:38] [Server thread/INFO]: Entity Activation Range: An 32 / Mo 32 / Ra 48 / Mi 16 / Tiv true / Isa false
[23:05:38] [Server thread/INFO]: Entity Tracking Range: Pl 48 / An 48 / Mo 48 / Mi 32 / Other 64
[23:05:38] [Server thread/INFO]: Hopper Transfer: 8 Hopper Check: 1 Hopper Amount: 1
[23:05:38] [Server thread/INFO]: Custom Map Seeds:  Village: 10387312 Desert: 14357617 Igloo: 14357618 Jungle: 14357619 Swamp: 14357620 Monument: 10387313 Ocean: 14357621 Shipwreck: 165745295 End City: 10387313 Slime: 987234911 Nether: 30084232 Mansion: 10387319 Fossil: 14357921 Portal: 34222645
[23:05:38] [Server thread/INFO]: Preparing start region for dimension minecraft:overworld
[23:05:41] [Worker-Main-2/INFO]: Preparing spawn area: 0%
[23:05:41] [Worker-Main-2/INFO]: Preparing spawn area: 0%
[23:05:41] [Worker-Main-2/INFO]: Preparing spawn area: 0%
[23:05:41] [Worker-Main-2/INFO]: Preparing spawn area: 0%
[23:05:41] [Worker-Main-2/INFO]: Preparing spawn area: 0%
[23:05:41] [Worker-Main-2/INFO]: Preparing spawn area: 0%
[23:05:41] [Worker-Main-2/INFO]: Preparing spawn area: 0%
[23:05:42] [Worker-Main-2/INFO]: Preparing spawn area: 0%
[23:05:42] [Worker-Main-2/INFO]: Preparing spawn area: 0%
[23:05:43] [Worker-Main-2/INFO]: Preparing spawn area: 0%
[23:05:43] [Worker-Main-2/INFO]: Preparing spawn area: 0%
[23:05:44] [Worker-Main-2/INFO]: Preparing spawn area: 0%
[23:05:44] [Worker-Main-2/INFO]: Preparing spawn area: 0%
[23:05:45] [Worker-Main-2/INFO]: Preparing spawn area: 4%
[23:05:45] [Worker-Main-2/INFO]: Preparing spawn area: 13%
[23:05:46] [Worker-Main-2/INFO]: Preparing spawn area: 24%
[23:05:46] [Worker-Main-2/INFO]: Preparing spawn area: 37%
[23:05:47] [Worker-Main-2/INFO]: Preparing spawn area: 54%
[23:05:47] [Worker-Main-2/INFO]: Preparing spawn area: 75%
[23:05:48] [Server thread/INFO]: Time elapsed: 9991 ms
[23:05:48] [Server thread/INFO]: Preparing start region for dimension minecraft:the_nether
[23:05:49] [Worker-Main-2/INFO]: Preparing spawn area: 0%
[23:05:49] [Worker-Main-2/INFO]: Preparing spawn area: 0%
[23:05:50] [Worker-Main-2/INFO]: Preparing spawn area: 0%
[23:05:50] [Worker-Main-2/INFO]: Preparing spawn area: 0%
[23:05:50] [Worker-Main-2/INFO]: Preparing spawn area: 0%
[23:05:51] [Worker-Main-2/INFO]: Preparing spawn area: 0%
[23:05:51] [Worker-Main-2/INFO]: Preparing spawn area: 1%
[23:05:52] [Worker-Main-2/INFO]: Preparing spawn area: 3%
[23:05:52] [Worker-Main-2/INFO]: Preparing spawn area: 17%
[23:05:53] [Worker-Main-2/INFO]: Preparing spawn area: 57%
[23:05:53] [Worker-Main-2/INFO]: Preparing spawn area: 77%
[23:05:54] [Server thread/INFO]: Time elapsed: 5527 ms
[23:05:54] [Server thread/INFO]: Preparing start region for dimension minecraft:the_end
[23:05:55] [Worker-Main-2/INFO]: Preparing spawn area: 0%
[23:05:55] [Worker-Main-2/INFO]: Preparing spawn area: 0%
[23:05:55] [Worker-Main-2/INFO]: Preparing spawn area: 0%
[23:05:55] [Worker-Main-2/INFO]: Preparing spawn area: 0%
[23:05:56] [Worker-Main-2/INFO]: Preparing spawn area: 0%
[23:05:56] [Worker-Main-2/INFO]: Preparing spawn area: 4%
[23:05:57] [Worker-Main-2/INFO]: Preparing spawn area: 9%
[23:05:57] [Worker-Main-2/INFO]: Preparing spawn area: 31%
[23:05:58] [Worker-Main-2/INFO]: Preparing spawn area: 57%
[23:05:58] [Server thread/INFO]: Time elapsed: 4585 ms
[23:05:58] [Server thread/INFO]: [SkinsRestorer] Enabling SkinsRestorer v14.1.15
[23:05:59] [Server thread/INFO]: [SkinsRestorer] Detected Minecraft v1_18_R2, using MappingSpigotSkinRefresher.
[23:05:59] [Server thread/INFO]: [UltimateStacker] Enabling UltimateStacker v2.2.1
[23:05:59] [Server thread/INFO]:  
[23:05:59] [Server thread/INFO]: =============================
[23:05:59] [Server thread/INFO]: UltimateStacker 2.2.1 by Songoda <3!
[23:05:59] [Server thread/INFO]: Action: Enabling...
[23:05:59] [Server thread/INFO]: [UltimateStacker] Loaded locale "en_US"
[23:05:59] [Server thread/INFO]: [SongodaCore] Hooked UltimateStacker.
[23:06:02] [Server thread/INFO]: [UltimateStacker] Data handler connected using SQLite.
[23:06:02] [Server thread/INFO]: =============================
[23:06:02] [Server thread/INFO]:  
[23:06:02] [Server thread/INFO]: Server permissions file permissions.yml is empty, ignoring it
[23:06:02] [Server thread/INFO]: Done (31.924s)! For help, type "help"
[23:06:02] [Craft Scheduler Thread - 0/INFO]: [SkinsRestorer] ----------------------------------------------
[23:06:02] [Craft Scheduler Thread - 0/INFO]: [SkinsRestorer]     +==================+
[23:06:02] [Craft Scheduler Thread - 0/INFO]: [SkinsRestorer]     |   SkinsRestorer  |
[23:06:02] [Craft Scheduler Thread - 0/INFO]: [SkinsRestorer]     |------------------|
[23:06:02] [Craft Scheduler Thread - 0/INFO]: [SkinsRestorer]     |  Standalone Mode |
[23:06:02] [Craft Scheduler Thread - 0/INFO]: [SkinsRestorer]     +==================+
[23:06:02] [Craft Scheduler Thread - 0/INFO]: [SkinsRestorer] ----------------------------------------------
[23:06:02] [Craft Scheduler Thread - 0/INFO]: [SkinsRestorer]     Current version: 14.1.15
[23:06:02] [Craft Scheduler Thread - 0/INFO]: [SkinsRestorer]     This is the latest version!
[23:06:02] [Craft Scheduler Thread - 0/INFO]: [SkinsRestorer] ----------------------------------------------
[23:06:03] [Craft Scheduler Thread - 4/ERROR]: [UltimateStacker] An error occurred executing an SQLite query: [SQLITE_CONSTRAINT_PRIMARYKEY]  A PRIMARY KEY constraint failed (UNIQUE constraint failed: ultimatestacker_stacked_entities.uuid)
[23:06:03] [Craft Scheduler Thread - 4/WARN]: org.sqlite.SQLiteException: [SQLITE_CONSTRAINT_PRIMARYKEY]  A PRIMARY KEY constraint failed (UNIQUE constraint failed: ultimatestacker_stacked_entities.uuid)
[23:06:03] [Craft Scheduler Thread - 4/WARN]: 	at org.sqlite.core.DB.newSQLException(DB.java:1030)
[23:06:03] [Craft Scheduler Thread - 4/WARN]: 	at org.sqlite.core.DB.newSQLException(DB.java:1042)
[23:06:03] [Craft Scheduler Thread - 4/WARN]: 	at org.sqlite.core.DB.execute(DB.java:881)
[23:06:03] [Craft Scheduler Thread - 4/WARN]: 	at org.sqlite.core.DB.executeUpdate(DB.java:922)
[23:06:04] [Craft Scheduler Thread - 4/WARN]: 	at org.sqlite.jdbc3.JDBC3PreparedStatement.executeUpdate(JDBC3PreparedStatement.java:98)
[23:06:04] [Craft Scheduler Thread - 4/WARN]: 	at com.songoda.ultimatestacker.database.DataManager.lambda$null$14(DataManager.java:134)
[23:06:04] [Craft Scheduler Thread - 4/WARN]: 	at com.songoda.ultimatestacker.core.database.SQLiteConnector.connect(SQLiteConnector.java:53)
[23:06:04] [Craft Scheduler Thread - 4/WARN]: 	at com.songoda.ultimatestacker.database.DataManager.lambda$createStackedEntity$15(DataManager.java:127)
[23:06:04] [Craft Scheduler Thread - 4/WARN]: 	at com.songoda.ultimatestacker.core.database.DataManagerAbstract.lambda$doQueue$4(DataManagerAbstract.java:180)
[23:06:04] [Craft Scheduler Thread - 4/WARN]: 	at org.bukkit.craftbukkit.v1_18_R2.scheduler.CraftTask.run(CraftTask.java:82)
[23:06:04] [Craft Scheduler Thread - 4/WARN]: 	at org.bukkit.craftbukkit.v1_18_R2.scheduler.CraftAsyncTask.run(CraftAsyncTask.java:54)
[23:06:04] [Craft Scheduler Thread - 4/WARN]: 	at java.base/java.util.concurrent.ThreadPoolExecutor.runWorker(ThreadPoolExecutor.java:1136)
[23:06:04] [Craft Scheduler Thread - 4/WARN]: 	at java.base/java.util.concurrent.ThreadPoolExecutor$Worker.run(ThreadPoolExecutor.java:635)
[23:06:04] [Craft Scheduler Thread - 4/WARN]: 	at java.base/java.lang.Thread.run(Thread.java:833)
[23:06:04] [Craft Scheduler Thread - 4/ERROR]: [UltimateStacker] An error occurred executing an SQLite query: [SQLITE_CONSTRAINT_PRIMARYKEY]  A PRIMARY KEY constraint failed (UNIQUE constraint failed: ultimatestacker_stacked_entities.uuid)
[23:06:04] [Craft Scheduler Thread - 4/WARN]: org.sqlite.SQLiteException: [SQLITE_CONSTRAINT_PRIMARYKEY]  A PRIMARY KEY constraint failed (UNIQUE constraint failed: ultimatestacker_stacked_entities.uuid)
[23:06:04] [Craft Scheduler Thread - 4/WARN]: 	at org.sqlite.core.DB.newSQLException(DB.java:1030)
[23:06:04] [Craft Scheduler Thread - 4/WARN]: 	at org.sqlite.core.DB.newSQLException(DB.java:1042)
[23:06:04] [Craft Scheduler Thread - 4/WARN]: 	at org.sqlite.core.DB.execute(DB.java:881)
[23:06:04] [Craft Scheduler Thread - 4/WARN]: 	at org.sqlite.core.DB.executeUpdate(DB.java:922)
[23:06:04] [Craft Scheduler Thread - 4/WARN]: 	at org.sqlite.jdbc3.JDBC3PreparedStatement.executeUpdate(JDBC3PreparedStatement.java:98)
[23:06:04] [Craft Scheduler Thread - 4/WARN]: 	at com.songoda.ultimatestacker.database.DataManager.lambda$null$14(DataManager.java:134)
[23:06:04] [Craft Scheduler Thread - 4/WARN]: 	at com.songoda.ultimatestacker.core.database.SQLiteConnector.connect(SQLiteConnector.java:53)
[23:06:04] [Craft Scheduler Thread - 4/WARN]: 	at com.songoda.ultimatestacker.database.DataManager.lambda$createStackedEntity$15(DataManager.java:127)
[23:06:04] [Craft Scheduler Thread - 4/WARN]: 	at com.songoda.ultimatestacker.core.database.DataManagerAbstract.lambda$doQueue$4(DataManagerAbstract.java:180)
[23:06:04] [Craft Scheduler Thread - 4/WARN]: 	at org.bukkit.craftbukkit.v1_18_R2.scheduler.CraftTask.run(CraftTask.java:82)
[23:06:04] [Craft Scheduler Thread - 4/WARN]: 	at org.bukkit.craftbukkit.v1_18_R2.scheduler.CraftAsyncTask.run(CraftAsyncTask.java:54)
[23:06:04] [Craft Scheduler Thread - 4/WARN]: 	at java.base/java.util.concurrent.ThreadPoolExecutor.runWorker(ThreadPoolExecutor.java:1136)
[23:06:04] [Craft Scheduler Thread - 4/WARN]: 	at java.base/java.util.concurrent.ThreadPoolExecutor$Worker.run(ThreadPoolExecutor.java:635)
[23:06:04] [Craft Scheduler Thread - 4/WARN]: 	at java.base/java.lang.Thread.run(Thread.java:833)
[23:09:00] [Thread-0/INFO]: Stopping server
[23:09:00] [Thread-0/INFO]: [UltimateStacker] Disabling UltimateStacker v2.2.1
[23:09:00] [Thread-0/INFO]:  
[23:09:00] [Thread-0/INFO]: =============================
[23:09:00] [Thread-0/INFO]: UltimateStacker 2.2.1 by Songoda <3!
[23:09:00] [Thread-0/INFO]: Action: Disabling...
[23:09:00] [Thread-0/INFO]: =============================
[23:09:00] [Thread-0/INFO]:  
